U2FsdGVkX18SFZGexJGLH38OQrxXW68Yqabbi8Zt2D+qmRt1oavRuBUYgCM0XjrJ
cB4eCvNBnuMCjmgnUIcW3Q==

#

U2FsdGVkX1+yZ2Cr/rK26ZUqzqeqlFVfU7gdoQpdb0jkWujQHhqG5wk5iHFHMQOm
jmPpeRCSvOLAoX2JLqJG4g==

#

U2FsdGVkX1/dylo/my5rWHT9uiTAnK6aFSGiSYGYNkiRlUyXVSJRmEuwfIywz4/t
m+MFyLhOn9ghkkthvpjcTA==

#

U2FsdGVkX19uEvHfJe/vK6JTpUGgswIMfqt9/Wz8Rio1oUC1vpo4XwDLX5v8bpuc
6iAYPp2ulK3bmsXIlPgYqg==

#

U2FsdGVkX1937yRQVWRqYUeAm2+7Yt+I0OegRiHkGijUN94Fiv3yA09OHFprZKDp
WiLL60U0CIxGo9mWRvTF7g==

#

U2FsdGVkX1861uMXYWDaFNFQjn7WvicG0yevGMmL/8BsQNro2Ai4Kr2jcRjTWNVM
8URsOIPTEpXFdFPV8buahg==

#

U2FsdGVkX1+EP6xg9X7ZkJvRQ5XaE4n5V70WzaqgKHu0VzOtlkvwTHIxcXxMe0IP
p7SAU/Bdk11B44iDCSLvKw==

#

U2FsdGVkX1/4WmwNHeJwCef2oqNpAqXQGf29ocwxcd8FpCOuC1gRLvKuYlgXmicu
MpPYRJLROFVSm+KMtqBHTQ==

#

U2FsdGVkX19+/gMY0G4iNXZw3yVmpd828sYvXVPoKB8SALMTd/EihZyQF5roE8MH
gmd2GzxSPDLznt4GeqfOig==

#

U2FsdGVkX1/c+4Z7GCd2p+tIjR/eUG6dJPs9DyhsHBwzF5qjm/T0zjMUc2NztZOF
uCtMCHw2oPsEa6GLh3gPFA==

#

